<?xml version="1.0" encoding="UTF-8"?>
<!-- Generated by org.testng.reporters.JUnitXMLReporter -->
<testsuite hostname="ip-172-31-32-197" ignored="0" name="Default test" tests="2" failures="0" timestamp="2021-02-24T17:32:15 UTC" time="11.552" errors="0">
  <testcase name="verifyAmazoneHomePageSourceURL" time="0.394" classname="com.ecommerce.webapp.test.AmazonHomePageTest"/>
  <testcase name="verifyAmazoneHomePageTitle" time="0.049" classname="com.ecommerce.webapp.test.AmazonHomePageTest"/>
</testsuite> <!-- Default test -->
